[0.011s] Invoking command in '/home/eddy/ros2_ws/build/scout_base': CMAKE_PREFIX_PATH=/opt/ros/humble:${CMAKE_PREFIX_PATH} /usr/bin/cmake --build /home/eddy/ros2_ws/build/scout_base -- -j2 -l2
[0.036s] -- Found ament_cmake: 1.3.12 (/opt/ros/humble/share/ament_cmake/cmake)
[0.148s] -- Found rclcpp: 16.0.15 (/opt/ros/humble/share/rclcpp/cmake)
[0.172s] -- Found rosidl_generator_c: 3.1.7 (/opt/ros/humble/share/rosidl_generator_c/cmake)
[0.174s] -- Found rosidl_adapter: 3.1.7 (/opt/ros/humble/share/rosidl_adapter/cmake)
[0.179s] -- Found rosidl_generator_cpp: 3.1.7 (/opt/ros/humble/share/rosidl_generator_cpp/cmake)
[0.187s] -- Using all available rosidl_typesupport_c: rosidl_typesupport_fastrtps_c;rosidl_typesupport_introspection_c
[0.197s] -- Using all available rosidl_typesupport_cpp: rosidl_typesupport_fastrtps_cpp;rosidl_typesupport_introspection_cpp
[0.224s] -- Found rmw_implementation_cmake: 6.1.2 (/opt/ros/humble/share/rmw_implementation_cmake/cmake)
[0.226s] -- Found rmw_fastrtps_cpp: 6.2.9 (/opt/ros/humble/share/rmw_fastrtps_cpp/cmake)
[0.307s] -- Using RMW implementation 'rmw_fastrtps_cpp' as default
[0.351s] -- Found geometry_msgs: 4.9.0 (/opt/ros/humble/share/geometry_msgs/cmake)
[0.362s] -- Found nav_msgs: 4.9.0 (/opt/ros/humble/share/nav_msgs/cmake)
[0.376s] -- Found sensor_msgs: 4.9.0 (/opt/ros/humble/share/sensor_msgs/cmake)
[0.390s] -- Found tf2: 0.25.16 (/opt/ros/humble/share/tf2/cmake)
[0.393s] -- Found tf2_ros: 0.25.16 (/opt/ros/humble/share/tf2_ros/cmake)
[0.461s] -- Found tf2_geometry_msgs: 0.25.16 (/opt/ros/humble/share/tf2_geometry_msgs/cmake)
[0.471s] -- Found eigen3_cmake_module: 0.1.1 (/opt/ros/humble/share/eigen3_cmake_module/cmake)
[0.472s] -- Found Eigen3: TRUE (found version "3.4.0") 
[0.472s] -- Ensuring Eigen3 include directory is part of orocos-kdl CMake target
[0.474s] -- Found scout_msgs: 0.1.0 (/home/eddy/ros2_ws/install/scout_msgs/share/scout_msgs/cmake)
[0.489s] -- Found ament_lint_auto: 0.12.14 (/opt/ros/humble/share/ament_lint_auto/cmake)
[0.551s] -- Added test 'copyright' to check source files copyright and LICENSE
[0.552s] -- Added test 'cppcheck' to perform static code analysis on C / C++ code
[0.552s] -- Configured cppcheck include dirs: /home/eddy/ros2_ws/src/scout_ros2/scout_base/include
[0.552s] -- Configured cppcheck exclude dirs and/or files: 
[0.554s] -- Added test 'cpplint' to check C / C++ code against the Google style
[0.554s] -- Configured cpplint exclude dirs and/or files: 
[0.554s] -- Added test 'flake8' to check Python code syntax and style conventions
[0.554s] -- Added test 'lint_cmake' to check CMake code style
[0.554s] -- Added test 'pep257' to check Python code against some of the docstring style conventions in PEP 257
[0.554s] -- Added test 'uncrustify' to check C / C++ code style
[0.554s] -- Configured uncrustify additional arguments: 
[0.554s] -- Added test 'xmllint' to check XML markup files
[0.555s] -- Configuring done
[0.579s] -- Generating done
[0.584s] -- Build files have been written to: /home/eddy/ros2_ws/build/scout_base
[0.610s] [35m[1mConsolidate compiler generated dependencies of target scout_base_node[0m
[0.622s] [ 33%] [32mBuilding CXX object CMakeFiles/scout_base_node.dir/src/scout_base_ros.cpp.o[0m
[0.623s] [ 66%] [32mBuilding CXX object CMakeFiles/scout_base_node.dir/src/scout_base_node.cpp.o[0m
[0.852s] In file included from [01m[K/home/eddy/ros2_ws/src/scout_ros2/scout_base/include/scout_base/scout_messenger.hpp:21[m[K,
[0.852s]                  from [01m[K/home/eddy/ros2_ws/src/scout_ros2/scout_base/src/scout_base_ros.cpp:12[m[K:
[0.852s] [01m[K/opt/ros/humble/include/tf2_geometry_msgs/tf2_geometry_msgs/tf2_geometry_msgs.h:35:2:[m[K [01;35m[Kwarning: [m[K#warning This header is obsolete, please include tf2_geometry_msgs/tf2_geometry_msgs.hpp instead [[01;35m[K]8;;https://gcc.gnu.org/onlinedocs/gcc/Warning-Options.html#index-Wcpp-Wcpp]8;;[m[K]
[0.852s]    35 | #[01;35m[Kwarning[m[K This header is obsolete, please include tf2_geometry_msgs/tf2_geometry_msgs.hpp instead
[0.853s]       |  [01;35m[K^~~~~~~[m[K
[3.793s] [01m[K/home/eddy/ros2_ws/src/scout_ros2/scout_base/src/scout_base_ros.cpp:[m[K In constructor â€˜[01m[Kwestonrobot::ScoutBaseRos::ScoutBaseRos(std::string)[m[Kâ€™:
[3.793s] [01m[K/home/eddy/ros2_ws/src/scout_ros2/scout_base/src/scout_base_ros.cpp:18:26:[m[K [01;31m[Kerror: [m[Kno matching function for call to â€˜[01m[Kwestonrobot::ScoutBaseRos::declare_parameter(const char [10])[m[Kâ€™
[3.793s]    18 |   [01;31m[Kthis->declare_parameter("port_name")[m[K;
[3.793s]       |   [01;31m[K~~~~~~~~~~~~~~~~~~~~~~~^~~~~~~~~~~~~[m[K
[3.793s] In file included from [01m[K/opt/ros/humble/include/rclcpp/rclcpp/executors/single_threaded_executor.hpp:28[m[K,
[3.793s]                  from [01m[K/opt/ros/humble/include/rclcpp/rclcpp/executors.hpp:22[m[K,
[3.793s]                  from [01m[K/opt/ros/humble/include/rclcpp/rclcpp/rclcpp.hpp:155[m[K,
[3.793s]                  from [01m[K/home/eddy/ros2_ws/src/scout_ros2/scout_base/include/scout_base/scout_base_ros.hpp:16[m[K,
[3.793s]                  from [01m[K/home/eddy/ros2_ws/src/scout_ros2/scout_base/src/scout_base_ros.cpp:10[m[K:
[3.793s] [01m[K/opt/ros/humble/include/rclcpp/rclcpp/node.hpp:421:3:[m[K [01;36m[Knote: [m[Kcandidate: â€˜[01m[Ktemplate<class ParameterT> auto rclcpp::Node::declare_parameter(const string&, const ParameterT&, const ParameterDescriptor&, bool)[m[Kâ€™
[3.793s]   421 |   [01;36m[Kdeclare_parameter[m[K(
[3.793s]       |   [01;36m[K^~~~~~~~~~~~~~~~~[m[K
[3.793s] [01m[K/opt/ros/humble/include/rclcpp/rclcpp/node.hpp:421:3:[m[K [01;36m[Knote: [m[K  template argument deduction/substitution failed:
[3.794s] [01m[K/home/eddy/ros2_ws/src/scout_ros2/scout_base/src/scout_base_ros.cpp:18:26:[m[K [01;36m[Knote: [m[K  candidate expects 4 arguments, 1 provided
[3.794s]    18 |   [01;36m[Kthis->declare_parameter("port_name")[m[K;
[3.794s]       |   [01;36m[K~~~~~~~~~~~~~~~~~~~~~~~^~~~~~~~~~~~~[m[K
[3.794s] In file included from [01m[K/opt/ros/humble/include/rclcpp/rclcpp/executors/single_threaded_executor.hpp:28[m[K,
[3.794s]                  from [01m[K/opt/ros/humble/include/rclcpp/rclcpp/executors.hpp:22[m[K,
[3.794s]                  from [01m[K/opt/ros/humble/include/rclcpp/rclcpp/rclcpp.hpp:155[m[K,
[3.794s]                  from [01m[K/home/eddy/ros2_ws/src/scout_ros2/scout_base/include/scout_base/scout_base_ros.hpp:16[m[K,
[3.794s]                  from [01m[K/home/eddy/ros2_ws/src/scout_ros2/scout_base/src/scout_base_ros.cpp:10[m[K:
[3.794s] [01m[K/opt/ros/humble/include/rclcpp/rclcpp/node.hpp:434:3:[m[K [01;36m[Knote: [m[Kcandidate: â€˜[01m[Ktemplate<class ParameterT> auto rclcpp::Node::declare_parameter(const string&, const ParameterDescriptor&, bool)[m[Kâ€™
[3.794s]   434 |   [01;36m[Kdeclare_parameter[m[K(
[3.794s]       |   [01;36m[K^~~~~~~~~~~~~~~~~[m[K
[3.795s] [01m[K/opt/ros/humble/include/rclcpp/rclcpp/node.hpp:434:3:[m[K [01;36m[Knote: [m[K  template argument deduction/substitution failed:
[3.795s] [01m[K/home/eddy/ros2_ws/src/scout_ros2/scout_base/src/scout_base_ros.cpp:18:26:[m[K [01;36m[Knote: [m[K  couldnâ€™t deduce template parameter â€˜[01m[KParameterT[m[Kâ€™
[3.795s]    18 |   [01;36m[Kthis->declare_parameter("port_name")[m[K;
[3.795s]       |   [01;36m[K~~~~~~~~~~~~~~~~~~~~~~~^~~~~~~~~~~~~[m[K
[3.795s] In file included from [01m[K/opt/ros/humble/include/rclcpp/rclcpp/executors/single_threaded_executor.hpp:28[m[K,
[3.795s]                  from [01m[K/opt/ros/humble/include/rclcpp/rclcpp/executors.hpp:22[m[K,
[3.795s]                  from [01m[K/opt/ros/humble/include/rclcpp/rclcpp/rclcpp.hpp:155[m[K,
[3.795s]                  from [01m[K/home/eddy/ros2_ws/src/scout_ros2/scout_base/include/scout_base/scout_base_ros.hpp:16[m[K,
[3.795s]                  from [01m[K/home/eddy/ros2_ws/src/scout_ros2/scout_base/src/scout_base_ros.cpp:10[m[K:
[3.795s] [01m[K/opt/ros/humble/include/rclcpp/rclcpp/node.hpp:366:3:[m[K [01;36m[Knote: [m[Kcandidate: â€˜[01m[Kconst rclcpp::ParameterValue& rclcpp::Node::declare_parameter(const string&, const rclcpp::ParameterValue&, const ParameterDescriptor&, bool)[m[Kâ€™
[3.795s]   366 |   [01;36m[Kdeclare_parameter[m[K(
[3.795s]       |   [01;36m[K^~~~~~~~~~~~~~~~~[m[K
[3.795s] [01m[K/opt/ros/humble/include/rclcpp/rclcpp/node.hpp:366:3:[m[K [01;36m[Knote: [m[K  candidate expects 4 arguments, 1 provided
[3.795s] [01m[K/opt/ros/humble/include/rclcpp/rclcpp/node.hpp:391:3:[m[K [01;36m[Knote: [m[Kcandidate: â€˜[01m[Kconst rclcpp::ParameterValue& rclcpp::Node::declare_parameter(const string&, rclcpp::ParameterType, const ParameterDescriptor&, bool)[m[Kâ€™
[3.795s]   391 |   [01;36m[Kdeclare_parameter[m[K(
[3.795s]       |   [01;36m[K^~~~~~~~~~~~~~~~~[m[K
[3.796s] [01m[K/opt/ros/humble/include/rclcpp/rclcpp/node.hpp:391:3:[m[K [01;36m[Knote: [m[K  candidate expects 4 arguments, 1 provided
[3.796s] [01m[K/home/eddy/ros2_ws/src/scout_ros2/scout_base/src/scout_base_ros.cpp:20:26:[m[K [01;31m[Kerror: [m[Kno matching function for call to â€˜[01m[Kwestonrobot::ScoutBaseRos::declare_parameter(const char [11])[m[Kâ€™
[3.796s]    20 |   [01;31m[Kthis->declare_parameter("odom_frame")[m[K;
[3.796s]       |   [01;31m[K~~~~~~~~~~~~~~~~~~~~~~~^~~~~~~~~~~~~~[m[K
[3.796s] In file included from [01m[K/opt/ros/humble/include/rclcpp/rclcpp/executors/single_threaded_executor.hpp:28[m[K,
[3.796s]                  from [01m[K/opt/ros/humble/include/rclcpp/rclcpp/executors.hpp:22[m[K,
[3.796s]                  from [01m[K/opt/ros/humble/include/rclcpp/rclcpp/rclcpp.hpp:155[m[K,
[3.796s]                  from [01m[K/home/eddy/ros2_ws/src/scout_ros2/scout_base/include/scout_base/scout_base_ros.hpp:16[m[K,
[3.796s]                  from [01m[K/home/eddy/ros2_ws/src/scout_ros2/scout_base/src/scout_base_ros.cpp:10[m[K:
[3.796s] [01m[K/opt/ros/humble/include/rclcpp/rclcpp/node.hpp:421:3:[m[K [01;36m[Knote: [m[Kcandidate: â€˜[01m[Ktemplate<class ParameterT> auto rclcpp::Node::declare_parameter(const string&, const ParameterT&, const ParameterDescriptor&, bool)[m[Kâ€™
[3.796s]   421 |   [01;36m[Kdeclare_parameter[m[K(
[3.796s]       |   [01;36m[K^~~~~~~~~~~~~~~~~[m[K
[3.796s] [01m[K/opt/ros/humble/include/rclcpp/rclcpp/node.hpp:421:3:[m[K [01;36m[Knote: [m[K  template argument deduction/substitution failed:
[3.796s] [01m[K/home/eddy/ros2_ws/src/scout_ros2/scout_base/src/scout_base_ros.cpp:20:26:[m[K [01;36m[Knote: [m[K  candidate expects 4 arguments, 1 provided
[3.796s]    20 |   [01;36m[Kthis->declare_parameter("odom_frame")[m[K;
[3.796s]       |   [01;36m[K~~~~~~~~~~~~~~~~~~~~~~~^~~~~~~~~~~~~~[m[K
[3.796s] In file included from [01m[K/opt/ros/humble/include/rclcpp/rclcpp/executors/single_threaded_executor.hpp:28[m[K,
[3.797s]                  from [01m[K/opt/ros/humble/include/rclcpp/rclcpp/executors.hpp:22[m[K,
[3.797s]                  from [01m[K/opt/ros/humble/include/rclcpp/rclcpp/rclcpp.hpp:155[m[K,
[3.797s]                  from [01m[K/home/eddy/ros2_ws/src/scout_ros2/scout_base/include/scout_base/scout_base_ros.hpp:16[m[K,
[3.797s]                  from [01m[K/home/eddy/ros2_ws/src/scout_ros2/scout_base/src/scout_base_ros.cpp:10[m[K:
[3.797s] [01m[K/opt/ros/humble/include/rclcpp/rclcpp/node.hpp:434:3:[m[K [01;36m[Knote: [m[Kcandidate: â€˜[01m[Ktemplate<class ParameterT> auto rclcpp::Node::declare_parameter(const string&, const ParameterDescriptor&, bool)[m[Kâ€™
[3.797s]   434 |   [01;36m[Kdeclare_parameter[m[K(
[3.797s]       |   [01;36m[K^~~~~~~~~~~~~~~~~[m[K
[3.797s] [01m[K/opt/ros/humble/include/rclcpp/rclcpp/node.hpp:434:3:[m[K [01;36m[Knote: [m[K  template argument deduction/substitution failed:
[3.797s] [01m[K/home/eddy/ros2_ws/src/scout_ros2/scout_base/src/scout_base_ros.cpp:20:26:[m[K [01;36m[Knote: [m[K  couldnâ€™t deduce template parameter â€˜[01m[KParameterT[m[Kâ€™
[3.797s]    20 |   [01;36m[Kthis->declare_parameter("odom_frame")[m[K;
[3.797s]       |   [01;36m[K~~~~~~~~~~~~~~~~~~~~~~~^~~~~~~~~~~~~~[m[K
[3.797s] In file included from [01m[K/opt/ros/humble/include/rclcpp/rclcpp/executors/single_threaded_executor.hpp:28[m[K,
[3.797s]                  from [01m[K/opt/ros/humble/include/rclcpp/rclcpp/executors.hpp:22[m[K,
[3.798s]                  from [01m[K/opt/ros/humble/include/rclcpp/rclcpp/rclcpp.hpp:155[m[K,
[3.798s]                  from [01m[K/home/eddy/ros2_ws/src/scout_ros2/scout_base/include/scout_base/scout_base_ros.hpp:16[m[K,
[3.798s]                  from [01m[K/home/eddy/ros2_ws/src/scout_ros2/scout_base/src/scout_base_ros.cpp:10[m[K:
[3.798s] [01m[K/opt/ros/humble/include/rclcpp/rclcpp/node.hpp:366:3:[m[K [01;36m[Knote: [m[Kcandidate: â€˜[01m[Kconst rclcpp::ParameterValue& rclcpp::Node::declare_parameter(const string&, const rclcpp::ParameterValue&, const ParameterDescriptor&, bool)[m[Kâ€™
[3.798s]   366 |   [01;36m[Kdeclare_parameter[m[K(
[3.798s]       |   [01;36m[K^~~~~~~~~~~~~~~~~[m[K
[3.798s] [01m[K/opt/ros/humble/include/rclcpp/rclcpp/node.hpp:366:3:[m[K [01;36m[Knote: [m[K  candidate expects 4 arguments, 1 provided
[3.798s] [01m[K/opt/ros/humble/include/rclcpp/rclcpp/node.hpp:391:3:[m[K [01;36m[Knote: [m[Kcandidate: â€˜[01m[Kconst rclcpp::ParameterValue& rclcpp::Node::declare_parameter(const string&, rclcpp::ParameterType, const ParameterDescriptor&, bool)[m[Kâ€™
[3.798s]   391 |   [01;36m[Kdeclare_parameter[m[K(
[3.798s]       |   [01;36m[K^~~~~~~~~~~~~~~~~[m[K
[3.799s] [01m[K/opt/ros/humble/include/rclcpp/rclcpp/node.hpp:391:3:[m[K [01;36m[Knote: [m[K  candidate expects 4 arguments, 1 provided
[3.799s] [01m[K/home/eddy/ros2_ws/src/scout_ros2/scout_base/src/scout_base_ros.cpp:21:26:[m[K [01;31m[Kerror: [m[Kno matching function for call to â€˜[01m[Kwestonrobot::ScoutBaseRos::declare_parameter(const char [11])[m[Kâ€™
[3.799s]    21 |   [01;31m[Kthis->declare_parameter("base_frame")[m[K;
[3.799s]       |   [01;31m[K~~~~~~~~~~~~~~~~~~~~~~~^~~~~~~~~~~~~~[m[K
[3.799s] In file included from [01m[K/opt/ros/humble/include/rclcpp/rclcpp/executors/single_threaded_executor.hpp:28[m[K,
[3.799s]                  from [01m[K/opt/ros/humble/include/rclcpp/rclcpp/executors.hpp:22[m[K,
[3.799s]                  from [01m[K/opt/ros/humble/include/rclcpp/rclcpp/rclcpp.hpp:155[m[K,
[3.799s]                  from [01m[K/home/eddy/ros2_ws/src/scout_ros2/scout_base/include/scout_base/scout_base_ros.hpp:16[m[K,
[3.799s]                  from [01m[K/home/eddy/ros2_ws/src/scout_ros2/scout_base/src/scout_base_ros.cpp:10[m[K:
[3.799s] [01m[K/opt/ros/humble/include/rclcpp/rclcpp/node.hpp:421:3:[m[K [01;36m[Knote: [m[Kcandidate: â€˜[01m[Ktemplate<class ParameterT> auto rclcpp::Node::declare_parameter(const string&, const ParameterT&, const ParameterDescriptor&, bool)[m[Kâ€™
[3.799s]   421 |   [01;36m[Kdeclare_parameter[m[K(
[3.799s]       |   [01;36m[K^~~~~~~~~~~~~~~~~[m[K
[3.799s] [01m[K/opt/ros/humble/include/rclcpp/rclcpp/node.hpp:421:3:[m[K [01;36m[Knote: [m[K  template argument deduction/substitution failed:
[3.799s] [01m[K/home/eddy/ros2_ws/src/scout_ros2/scout_base/src/scout_base_ros.cpp:21:26:[m[K [01;36m[Knote: [m[K  candidate expects 4 arguments, 1 provided
[3.799s]    21 |   [01;36m[Kthis->declare_parameter("base_frame")[m[K;
[3.799s]       |   [01;36m[K~~~~~~~~~~~~~~~~~~~~~~~^~~~~~~~~~~~~~[m[K
[3.799s] In file included from [01m[K/opt/ros/humble/include/rclcpp/rclcpp/executors/single_threaded_executor.hpp:28[m[K,
[3.799s]                  from [01m[K/opt/ros/humble/include/rclcpp/rclcpp/executors.hpp:22[m[K,
[3.799s]                  from [01m[K/opt/ros/humble/include/rclcpp/rclcpp/rclcpp.hpp:155[m[K,
[3.799s]                  from [01m[K/home/eddy/ros2_ws/src/scout_ros2/scout_base/include/scout_base/scout_base_ros.hpp:16[m[K,
[3.799s]                  from [01m[K/home/eddy/ros2_ws/src/scout_ros2/scout_base/src/scout_base_ros.cpp:10[m[K:
[3.799s] [01m[K/opt/ros/humble/include/rclcpp/rclcpp/node.hpp:434:3:[m[K [01;36m[Knote: [m[Kcandidate: â€˜[01m[Ktemplate<class ParameterT> auto rclcpp::Node::declare_parameter(const string&, const ParameterDescriptor&, bool)[m[Kâ€™
[3.799s]   434 |   [01;36m[Kdeclare_parameter[m[K(
[3.800s]       |   [01;36m[K^~~~~~~~~~~~~~~~~[m[K
[3.800s] [01m[K/opt/ros/humble/include/rclcpp/rclcpp/node.hpp:434:3:[m[K [01;36m[Knote: [m[K  template argument deduction/substitution failed:
[3.800s] [01m[K/home/eddy/ros2_ws/src/scout_ros2/scout_base/src/scout_base_ros.cpp:21:26:[m[K [01;36m[Knote: [m[K  couldnâ€™t deduce template parameter â€˜[01m[KParameterT[m[Kâ€™
[3.800s]    21 |   [01;36m[Kthis->declare_parameter("base_frame")[m[K;
[3.800s]       |   [01;36m[K~~~~~~~~~~~~~~~~~~~~~~~^~~~~~~~~~~~~~[m[K
[3.800s] In file included from [01m[K/opt/ros/humble/include/rclcpp/rclcpp/executors/single_threaded_executor.hpp:28[m[K,
[3.800s]                  from [01m[K/opt/ros/humble/include/rclcpp/rclcpp/executors.hpp:22[m[K,
[3.800s]                  from [01m[K/opt/ros/humble/include/rclcpp/rclcpp/rclcpp.hpp:155[m[K,
[3.800s]                  from [01m[K/home/eddy/ros2_ws/src/scout_ros2/scout_base/include/scout_base/scout_base_ros.hpp:16[m[K,
[3.800s]                  from [01m[K/home/eddy/ros2_ws/src/scout_ros2/scout_base/src/scout_base_ros.cpp:10[m[K:
[3.800s] [01m[K/opt/ros/humble/include/rclcpp/rclcpp/node.hpp:366:3:[m[K [01;36m[Knote: [m[Kcandidate: â€˜[01m[Kconst rclcpp::ParameterValue& rclcpp::Node::declare_parameter(const string&, const rclcpp::ParameterValue&, const ParameterDescriptor&, bool)[m[Kâ€™
[3.800s]   366 |   [01;36m[Kdeclare_parameter[m[K(
[3.800s]       |   [01;36m[K^~~~~~~~~~~~~~~~~[m[K
[3.800s] [01m[K/opt/ros/humble/include/rclcpp/rclcpp/node.hpp:366:3:[m[K [01;36m[Knote: [m[K  candidate expects 4 arguments, 1 provided
[3.800s] [01m[K/opt/ros/humble/include/rclcpp/rclcpp/node.hpp:391:3:[m[K [01;36m[Knote: [m[Kcandidate: â€˜[01m[Kconst rclcpp::ParameterValue& rclcpp::Node::declare_parameter(const string&, rclcpp::ParameterType, const ParameterDescriptor&, bool)[m[Kâ€™
[3.800s]   391 |   [01;36m[Kdeclare_parameter[m[K(
[3.800s]       |   [01;36m[K^~~~~~~~~~~~~~~~~[m[K
[3.800s] [01m[K/opt/ros/humble/include/rclcpp/rclcpp/node.hpp:391:3:[m[K [01;36m[Knote: [m[K  candidate expects 4 arguments, 1 provided
[3.800s] [01m[K/home/eddy/ros2_ws/src/scout_ros2/scout_base/src/scout_base_ros.cpp:22:26:[m[K [01;31m[Kerror: [m[Kno matching function for call to â€˜[01m[Kwestonrobot::ScoutBaseRos::declare_parameter(const char [16])[m[Kâ€™
[3.800s]    22 |   [01;31m[Kthis->declare_parameter("odom_topic_name")[m[K;
[3.800s]       |   [01;31m[K~~~~~~~~~~~~~~~~~~~~~~~^~~~~~~~~~~~~~~~~~~[m[K
[3.800s] In file included from [01m[K/opt/ros/humble/include/rclcpp/rclcpp/executors/single_threaded_executor.hpp:28[m[K,
[3.800s]                  from [01m[K/opt/ros/humble/include/rclcpp/rclcpp/executors.hpp:22[m[K,
[3.800s]                  from [01m[K/opt/ros/humble/include/rclcpp/rclcpp/rclcpp.hpp:155[m[K,
[3.800s]                  from [01m[K/home/eddy/ros2_ws/src/scout_ros2/scout_base/include/scout_base/scout_base_ros.hpp:16[m[K,
[3.801s]                  from [01m[K/home/eddy/ros2_ws/src/scout_ros2/scout_base/src/scout_base_ros.cpp:10[m[K:
[3.801s] [01m[K/opt/ros/humble/include/rclcpp/rclcpp/node.hpp:421:3:[m[K [01;36m[Knote: [m[Kcandidate: â€˜[01m[Ktemplate<class ParameterT> auto rclcpp::Node::declare_parameter(const string&, const ParameterT&, const ParameterDescriptor&, bool)[m[Kâ€™
[3.801s]   421 |   [01;36m[Kdeclare_parameter[m[K(
[3.801s]       |   [01;36m[K^~~~~~~~~~~~~~~~~[m[K
[3.801s] [01m[K/opt/ros/humble/include/rclcpp/rclcpp/node.hpp:421:3:[m[K [01;36m[Knote: [m[K  template argument deduction/substitution failed:
[3.801s] [01m[K/home/eddy/ros2_ws/src/scout_ros2/scout_base/src/scout_base_ros.cpp:22:26:[m[K [01;36m[Knote: [m[K  candidate expects 4 arguments, 1 provided
[3.801s]    22 |   [01;36m[Kthis->declare_parameter("odom_topic_name")[m[K;
[3.801s]       |   [01;36m[K~~~~~~~~~~~~~~~~~~~~~~~^~~~~~~~~~~~~~~~~~~[m[K
[3.801s] In file included from [01m[K/opt/ros/humble/include/rclcpp/rclcpp/executors/single_threaded_executor.hpp:28[m[K,
[3.801s]                  from [01m[K/opt/ros/humble/include/rclcpp/rclcpp/executors.hpp:22[m[K,
[3.801s]                  from [01m[K/opt/ros/humble/include/rclcpp/rclcpp/rclcpp.hpp:155[m[K,
[3.801s]                  from [01m[K/home/eddy/ros2_ws/src/scout_ros2/scout_base/include/scout_base/scout_base_ros.hpp:16[m[K,
[3.801s]                  from [01m[K/home/eddy/ros2_ws/src/scout_ros2/scout_base/src/scout_base_ros.cpp:10[m[K:
[3.801s] [01m[K/opt/ros/humble/include/rclcpp/rclcpp/node.hpp:434:3:[m[K [01;36m[Knote: [m[Kcandidate: â€˜[01m[Ktemplate<class ParameterT> auto rclcpp::Node::declare_parameter(const string&, const ParameterDescriptor&, bool)[m[Kâ€™
[3.801s]   434 |   [01;36m[Kdeclare_parameter[m[K(
[3.801s]       |   [01;36m[K^~~~~~~~~~~~~~~~~[m[K
[3.801s] [01m[K/opt/ros/humble/include/rclcpp/rclcpp/node.hpp:434:3:[m[K [01;36m[Knote: [m[K  template argument deduction/substitution failed:
[3.802s] [01m[K/home/eddy/ros2_ws/src/scout_ros2/scout_base/src/scout_base_ros.cpp:22:26:[m[K [01;36m[Knote: [m[K  couldnâ€™t deduce template parameter â€˜[01m[KParameterT[m[Kâ€™
[3.802s]    22 |   [01;36m[Kthis->declare_parameter("odom_topic_name")[m[K;
[3.802s]       |   [01;36m[K~~~~~~~~~~~~~~~~~~~~~~~^~~~~~~~~~~~~~~~~~~[m[K
[3.802s] In file included from [01m[K/opt/ros/humble/include/rclcpp/rclcpp/executors/single_threaded_executor.hpp:28[m[K,
[3.802s]                  from [01m[K/opt/ros/humble/include/rclcpp/rclcpp/executors.hpp:22[m[K,
[3.802s]                  from [01m[K/opt/ros/humble/include/rclcpp/rclcpp/rclcpp.hpp:155[m[K,
[3.802s]                  from [01m[K/home/eddy/ros2_ws/src/scout_ros2/scout_base/include/scout_base/scout_base_ros.hpp:16[m[K,
[3.802s]                  from [01m[K/home/eddy/ros2_ws/src/scout_ros2/scout_base/src/scout_base_ros.cpp:10[m[K:
[3.802s] [01m[K/opt/ros/humble/include/rclcpp/rclcpp/node.hpp:366:3:[m[K [01;36m[Knote: [m[Kcandidate: â€˜[01m[Kconst rclcpp::ParameterValue& rclcpp::Node::declare_parameter(const string&, const rclcpp::ParameterValue&, const ParameterDescriptor&, bool)[m[Kâ€™
[3.802s]   366 |   [01;36m[Kdeclare_parameter[m[K(
[3.802s]       |   [01;36m[K^~~~~~~~~~~~~~~~~[m[K
[3.803s] [01m[K/opt/ros/humble/include/rclcpp/rclcpp/node.hpp:366:3:[m[K [01;36m[Knote: [m[K  candidate expects 4 arguments, 1 provided
[3.803s] [01m[K/opt/ros/humble/include/rclcpp/rclcpp/node.hpp:391:3:[m[K [01;36m[Knote: [m[Kcandidate: â€˜[01m[Kconst rclcpp::ParameterValue& rclcpp::Node::declare_parameter(const string&, rclcpp::ParameterType, const ParameterDescriptor&, bool)[m[Kâ€™
[3.803s]   391 |   [01;36m[Kdeclare_parameter[m[K(
[3.803s]       |   [01;36m[K^~~~~~~~~~~~~~~~~[m[K
[3.803s] [01m[K/opt/ros/humble/include/rclcpp/rclcpp/node.hpp:391:3:[m[K [01;36m[Knote: [m[K  candidate expects 4 arguments, 1 provided
[3.803s] [01m[K/home/eddy/ros2_ws/src/scout_ros2/scout_base/src/scout_base_ros.cpp:24:26:[m[K [01;31m[Kerror: [m[Kno matching function for call to â€˜[01m[Kwestonrobot::ScoutBaseRos::declare_parameter(const char [14])[m[Kâ€™
[3.803s]    24 |   [01;31m[Kthis->declare_parameter("is_scout_mini")[m[K;
[3.803s]       |   [01;31m[K~~~~~~~~~~~~~~~~~~~~~~~^~~~~~~~~~~~~~~~~[m[K
[3.803s] In file included from [01m[K/opt/ros/humble/include/rclcpp/rclcpp/executors/single_threaded_executor.hpp:28[m[K,
[3.803s]                  from [01m[K/opt/ros/humble/include/rclcpp/rclcpp/executors.hpp:22[m[K,
[3.803s]                  from [01m[K/opt/ros/humble/include/rclcpp/rclcpp/rclcpp.hpp:155[m[K,
[3.803s]                  from [01m[K/home/eddy/ros2_ws/src/scout_ros2/scout_base/include/scout_base/scout_base_ros.hpp:16[m[K,
[3.803s]                  from [01m[K/home/eddy/ros2_ws/src/scout_ros2/scout_base/src/scout_base_ros.cpp:10[m[K:
[3.803s] [01m[K/opt/ros/humble/include/rclcpp/rclcpp/node.hpp:421:3:[m[K [01;36m[Knote: [m[Kcandidate: â€˜[01m[Ktemplate<class ParameterT> auto rclcpp::Node::declare_parameter(const string&, const ParameterT&, const ParameterDescriptor&, bool)[m[Kâ€™
[3.803s]   421 |   [01;36m[Kdeclare_parameter[m[K(
[3.803s]       |   [01;36m[K^~~~~~~~~~~~~~~~~[m[K
[3.803s] [01m[K/opt/ros/humble/include/rclcpp/rclcpp/node.hpp:421:3:[m[K [01;36m[Knote: [m[K  template argument deduction/substitution failed:
[3.803s] [01m[K/home/eddy/ros2_ws/src/scout_ros2/scout_base/src/scout_base_ros.cpp:24:26:[m[K [01;36m[Knote: [m[K  candidate expects 4 arguments, 1 provided
[3.803s]    24 |   [01;36m[Kthis->declare_parameter("is_scout_mini")[m[K;
[3.803s]       |   [01;36m[K~~~~~~~~~~~~~~~~~~~~~~~^~~~~~~~~~~~~~~~~[m[K
[3.803s] In file included from [01m[K/opt/ros/humble/include/rclcpp/rclcpp/executors/single_threaded_executor.hpp:28[m[K,
[3.803s]                  from [01m[K/opt/ros/humble/include/rclcpp/rclcpp/executors.hpp:22[m[K,
[3.803s]                  from [01m[K/opt/ros/humble/include/rclcpp/rclcpp/rclcpp.hpp:155[m[K,
[3.803s]                  from [01m[K/home/eddy/ros2_ws/src/scout_ros2/scout_base/include/scout_base/scout_base_ros.hpp:16[m[K,
[3.804s]                  from [01m[K/home/eddy/ros2_ws/src/scout_ros2/scout_base/src/scout_base_ros.cpp:10[m[K:
[3.804s] [01m[K/opt/ros/humble/include/rclcpp/rclcpp/node.hpp:434:3:[m[K [01;36m[Knote: [m[Kcandidate: â€˜[01m[Ktemplate<class ParameterT> auto rclcpp::Node::declare_parameter(const string&, const ParameterDescriptor&, bool)[m[Kâ€™
[3.804s]   434 |   [01;36m[Kdeclare_parameter[m[K(
[3.804s]       |   [01;36m[K^~~~~~~~~~~~~~~~~[m[K
[3.804s] [01m[K/opt/ros/humble/include/rclcpp/rclcpp/node.hpp:434:3:[m[K [01;36m[Knote: [m[K  template argument deduction/substitution failed:
[3.804s] [01m[K/home/eddy/ros2_ws/src/scout_ros2/scout_base/src/scout_base_ros.cpp:24:26:[m[K [01;36m[Knote: [m[K  couldnâ€™t deduce template parameter â€˜[01m[KParameterT[m[Kâ€™
[3.804s]    24 |   [01;36m[Kthis->declare_parameter("is_scout_mini")[m[K;
[3.804s]       |   [01;36m[K~~~~~~~~~~~~~~~~~~~~~~~^~~~~~~~~~~~~~~~~[m[K
[3.804s] In file included from [01m[K/opt/ros/humble/include/rclcpp/rclcpp/executors/single_threaded_executor.hpp:28[m[K,
[3.804s]                  from [01m[K/opt/ros/humble/include/rclcpp/rclcpp/executors.hpp:22[m[K,
[3.804s]                  from [01m[K/opt/ros/humble/include/rclcpp/rclcpp/rclcpp.hpp:155[m[K,
[3.804s]                  from [01m[K/home/eddy/ros2_ws/src/scout_ros2/scout_base/include/scout_base/scout_base_ros.hpp:16[m[K,
[3.804s]                  from [01m[K/home/eddy/ros2_ws/src/scout_ros2/scout_base/src/scout_base_ros.cpp:10[m[K:
[3.804s] [01m[K/opt/ros/humble/include/rclcpp/rclcpp/node.hpp:366:3:[m[K [01;36m[Knote: [m[Kcandidate: â€˜[01m[Kconst rclcpp::ParameterValue& rclcpp::Node::declare_parameter(const string&, const rclcpp::ParameterValue&, const ParameterDescriptor&, bool)[m[Kâ€™
[3.804s]   366 |   [01;36m[Kdeclare_parameter[m[K(
[3.804s]       |   [01;36m[K^~~~~~~~~~~~~~~~~[m[K
[3.804s] [01m[K/opt/ros/humble/include/rclcpp/rclcpp/node.hpp:366:3:[m[K [01;36m[Knote: [m[K  candidate expects 4 arguments, 1 provided
[3.804s] [01m[K/opt/ros/humble/include/rclcpp/rclcpp/node.hpp:391:3:[m[K [01;36m[Knote: [m[Kcandidate: â€˜[01m[Kconst rclcpp::ParameterValue& rclcpp::Node::declare_parameter(const string&, rclcpp::ParameterType, const ParameterDescriptor&, bool)[m[Kâ€™
[3.804s]   391 |   [01;36m[Kdeclare_parameter[m[K(
[3.804s]       |   [01;36m[K^~~~~~~~~~~~~~~~~[m[K
[3.804s] [01m[K/opt/ros/humble/include/rclcpp/rclcpp/node.hpp:391:3:[m[K [01;36m[Knote: [m[K  candidate expects 4 arguments, 1 provided
[3.804s] [01m[K/home/eddy/ros2_ws/src/scout_ros2/scout_base/src/scout_base_ros.cpp:25:26:[m[K [01;31m[Kerror: [m[Kno matching function for call to â€˜[01m[Kwestonrobot::ScoutBaseRos::declare_parameter(const char [14])[m[Kâ€™
[3.804s]    25 |   [01;31m[Kthis->declare_parameter("is_omni_wheel")[m[K;
[3.804s]       |   [01;31m[K~~~~~~~~~~~~~~~~~~~~~~~^~~~~~~~~~~~~~~~~[m[K
[3.805s] In file included from [01m[K/opt/ros/humble/include/rclcpp/rclcpp/executors/single_threaded_executor.hpp:28[m[K,
[3.805s]                  from [01m[K/opt/ros/humble/include/rclcpp/rclcpp/executors.hpp:22[m[K,
[3.805s]                  from [01m[K/opt/ros/humble/include/rclcpp/rclcpp/rclcpp.hpp:155[m[K,
[3.805s]                  from [01m[K/home/eddy/ros2_ws/src/scout_ros2/scout_base/include/scout_base/scout_base_ros.hpp:16[m[K,
[3.805s]                  from [01m[K/home/eddy/ros2_ws/src/scout_ros2/scout_base/src/scout_base_ros.cpp:10[m[K:
[3.805s] [01m[K/opt/ros/humble/include/rclcpp/rclcpp/node.hpp:421:3:[m[K [01;36m[Knote: [m[Kcandidate: â€˜[01m[Ktemplate<class ParameterT> auto rclcpp::Node::declare_parameter(const string&, const ParameterT&, const ParameterDescriptor&, bool)[m[Kâ€™
[3.805s]   421 |   [01;36m[Kdeclare_parameter[m[K(
[3.805s]       |   [01;36m[K^~~~~~~~~~~~~~~~~[m[K
[3.805s] [01m[K/opt/ros/humble/include/rclcpp/rclcpp/node.hpp:421:3:[m[K [01;36m[Knote: [m[K  template argument deduction/substitution failed:
[3.805s] [01m[K/home/eddy/ros2_ws/src/scout_ros2/scout_base/src/scout_base_ros.cpp:25:26:[m[K [01;36m[Knote: [m[K  candidate expects 4 arguments, 1 provided
[3.805s]    25 |   [01;36m[Kthis->declare_parameter("is_omni_wheel")[m[K;
[3.805s]       |   [01;36m[K~~~~~~~~~~~~~~~~~~~~~~~^~~~~~~~~~~~~~~~~[m[K
[3.805s] In file included from [01m[K/opt/ros/humble/include/rclcpp/rclcpp/executors/single_threaded_executor.hpp:28[m[K,
[3.805s]                  from [01m[K/opt/ros/humble/include/rclcpp/rclcpp/executors.hpp:22[m[K,
[3.805s]                  from [01m[K/opt/ros/humble/include/rclcpp/rclcpp/rclcpp.hpp:155[m[K,
[3.805s]                  from [01m[K/home/eddy/ros2_ws/src/scout_ros2/scout_base/include/scout_base/scout_base_ros.hpp:16[m[K,
[3.805s]                  from [01m[K/home/eddy/ros2_ws/src/scout_ros2/scout_base/src/scout_base_ros.cpp:10[m[K:
[3.805s] [01m[K/opt/ros/humble/include/rclcpp/rclcpp/node.hpp:434:3:[m[K [01;36m[Knote: [m[Kcandidate: â€˜[01m[Ktemplate<class ParameterT> auto rclcpp::Node::declare_parameter(const string&, const ParameterDescriptor&, bool)[m[Kâ€™
[3.805s]   434 |   [01;36m[Kdeclare_parameter[m[K(
[3.805s]       |   [01;36m[K^~~~~~~~~~~~~~~~~[m[K
[3.805s] [01m[K/opt/ros/humble/include/rclcpp/rclcpp/node.hpp:434:3:[m[K [01;36m[Knote: [m[K  template argument deduction/substitution failed:
[3.805s] [01m[K/home/eddy/ros2_ws/src/scout_ros2/scout_base/src/scout_base_ros.cpp:25:26:[m[K [01;36m[Knote: [m[K  couldnâ€™t deduce template parameter â€˜[01m[KParameterT[m[Kâ€™
[3.805s]    25 |   [01;36m[Kthis->declare_parameter("is_omni_wheel")[m[K;
[3.805s]       |   [01;36m[K~~~~~~~~~~~~~~~~~~~~~~~^~~~~~~~~~~~~~~~~[m[K
[3.806s] In file included from [01m[K/opt/ros/humble/include/rclcpp/rclcpp/executors/single_threaded_executor.hpp:28[m[K,
[3.806s]                  from [01m[K/opt/ros/humble/include/rclcpp/rclcpp/executors.hpp:22[m[K,
[3.806s]                  from [01m[K/opt/ros/humble/include/rclcpp/rclcpp/rclcpp.hpp:155[m[K,
[3.806s]                  from [01m[K/home/eddy/ros2_ws/src/scout_ros2/scout_base/include/scout_base/scout_base_ros.hpp:16[m[K,
[3.806s]                  from [01m[K/home/eddy/ros2_ws/src/scout_ros2/scout_base/src/scout_base_ros.cpp:10[m[K:
[3.806s] [01m[K/opt/ros/humble/include/rclcpp/rclcpp/node.hpp:366:3:[m[K [01;36m[Knote: [m[Kcandidate: â€˜[01m[Kconst rclcpp::ParameterValue& rclcpp::Node::declare_parameter(const string&, const rclcpp::ParameterValue&, const ParameterDescriptor&, bool)[m[Kâ€™
[3.806s]   366 |   [01;36m[Kdeclare_parameter[m[K(
[3.806s]       |   [01;36m[K^~~~~~~~~~~~~~~~~[m[K
[3.806s] [01m[K/opt/ros/humble/include/rclcpp/rclcpp/node.hpp:366:3:[m[K [01;36m[Knote: [m[K  candidate expects 4 arguments, 1 provided
[3.806s] [01m[K/opt/ros/humble/include/rclcpp/rclcpp/node.hpp:391:3:[m[K [01;36m[Knote: [m[Kcandidate: â€˜[01m[Kconst rclcpp::ParameterValue& rclcpp::Node::declare_parameter(const string&, rclcpp::ParameterType, const ParameterDescriptor&, bool)[m[Kâ€™
[3.806s]   391 |   [01;36m[Kdeclare_parameter[m[K(
[3.806s]       |   [01;36m[K^~~~~~~~~~~~~~~~~[m[K
[3.806s] [01m[K/opt/ros/humble/include/rclcpp/rclcpp/node.hpp:391:3:[m[K [01;36m[Knote: [m[K  candidate expects 4 arguments, 1 provided
[3.806s] [01m[K/home/eddy/ros2_ws/src/scout_ros2/scout_base/src/scout_base_ros.cpp:27:26:[m[K [01;31m[Kerror: [m[Kno matching function for call to â€˜[01m[Kwestonrobot::ScoutBaseRos::declare_parameter(const char [16])[m[Kâ€™
[3.806s]    27 |   [01;31m[Kthis->declare_parameter("simulated_robot")[m[K;
[3.806s]       |   [01;31m[K~~~~~~~~~~~~~~~~~~~~~~~^~~~~~~~~~~~~~~~~~~[m[K
[3.806s] In file included from [01m[K/opt/ros/humble/include/rclcpp/rclcpp/executors/single_threaded_executor.hpp:28[m[K,
[3.806s]                  from [01m[K/opt/ros/humble/include/rclcpp/rclcpp/executors.hpp:22[m[K,
[3.806s]                  from [01m[K/opt/ros/humble/include/rclcpp/rclcpp/rclcpp.hpp:155[m[K,
[3.806s]                  from [01m[K/home/eddy/ros2_ws/src/scout_ros2/scout_base/include/scout_base/scout_base_ros.hpp:16[m[K,
[3.806s]                  from [01m[K/home/eddy/ros2_ws/src/scout_ros2/scout_base/src/scout_base_ros.cpp:10[m[K:
[3.806s] [01m[K/opt/ros/humble/include/rclcpp/rclcpp/node.hpp:421:3:[m[K [01;36m[Knote: [m[Kcandidate: â€˜[01m[Ktemplate<class ParameterT> auto rclcpp::Node::declare_parameter(const string&, const ParameterT&, const ParameterDescriptor&, bool)[m[Kâ€™
[3.806s]   421 |   [01;36m[Kdeclare_parameter[m[K(
[3.807s]       |   [01;36m[K^~~~~~~~~~~~~~~~~[m[K
[3.807s] [01m[K/opt/ros/humble/include/rclcpp/rclcpp/node.hpp:421:3:[m[K [01;36m[Knote: [m[K  template argument deduction/substitution failed:
[3.807s] [01m[K/home/eddy/ros2_ws/src/scout_ros2/scout_base/src/scout_base_ros.cpp:27:26:[m[K [01;36m[Knote: [m[K  candidate expects 4 arguments, 1 provided
[3.807s]    27 |   [01;36m[Kthis->declare_parameter("simulated_robot")[m[K;
[3.807s]       |   [01;36m[K~~~~~~~~~~~~~~~~~~~~~~~^~~~~~~~~~~~~~~~~~~[m[K
[3.807s] In file included from [01m[K/opt/ros/humble/include/rclcpp/rclcpp/executors/single_threaded_executor.hpp:28[m[K,
[3.807s]                  from [01m[K/opt/ros/humble/include/rclcpp/rclcpp/executors.hpp:22[m[K,
[3.807s]                  from [01m[K/opt/ros/humble/include/rclcpp/rclcpp/rclcpp.hpp:155[m[K,
[3.807s]                  from [01m[K/home/eddy/ros2_ws/src/scout_ros2/scout_base/include/scout_base/scout_base_ros.hpp:16[m[K,
[3.807s]                  from [01m[K/home/eddy/ros2_ws/src/scout_ros2/scout_base/src/scout_base_ros.cpp:10[m[K:
[3.807s] [01m[K/opt/ros/humble/include/rclcpp/rclcpp/node.hpp:434:3:[m[K [01;36m[Knote: [m[Kcandidate: â€˜[01m[Ktemplate<class ParameterT> auto rclcpp::Node::declare_parameter(const string&, const ParameterDescriptor&, bool)[m[Kâ€™
[3.807s]   434 |   [01;36m[Kdeclare_parameter[m[K(
[3.807s]       |   [01;36m[K^~~~~~~~~~~~~~~~~[m[K
[3.807s] [01m[K/opt/ros/humble/include/rclcpp/rclcpp/node.hpp:434:3:[m[K [01;36m[Knote: [m[K  template argument deduction/substitution failed:
[3.807s] [01m[K/home/eddy/ros2_ws/src/scout_ros2/scout_base/src/scout_base_ros.cpp:27:26:[m[K [01;36m[Knote: [m[K  couldnâ€™t deduce template parameter â€˜[01m[KParameterT[m[Kâ€™
[3.807s]    27 |   [01;36m[Kthis->declare_parameter("simulated_robot")[m[K;
[3.807s]       |   [01;36m[K~~~~~~~~~~~~~~~~~~~~~~~^~~~~~~~~~~~~~~~~~~[m[K
[3.807s] In file included from [01m[K/opt/ros/humble/include/rclcpp/rclcpp/executors/single_threaded_executor.hpp:28[m[K,
[3.807s]                  from [01m[K/opt/ros/humble/include/rclcpp/rclcpp/executors.hpp:22[m[K,
[3.807s]                  from [01m[K/opt/ros/humble/include/rclcpp/rclcpp/rclcpp.hpp:155[m[K,
[3.807s]                  from [01m[K/home/eddy/ros2_ws/src/scout_ros2/scout_base/include/scout_base/scout_base_ros.hpp:16[m[K,
[3.807s]                  from [01m[K/home/eddy/ros2_ws/src/scout_ros2/scout_base/src/scout_base_ros.cpp:10[m[K:
[3.807s] [01m[K/opt/ros/humble/include/rclcpp/rclcpp/node.hpp:366:3:[m[K [01;36m[Knote: [m[Kcandidate: â€˜[01m[Kconst rclcpp::ParameterValue& rclcpp::Node::declare_parameter(const string&, const rclcpp::ParameterValue&, const ParameterDescriptor&, bool)[m[Kâ€™
[3.807s]   366 |   [01;36m[Kdeclare_parameter[m[K(
[3.808s]       |   [01;36m[K^~~~~~~~~~~~~~~~~[m[K
[3.808s] [01m[K/opt/ros/humble/include/rclcpp/rclcpp/node.hpp:366:3:[m[K [01;36m[Knote: [m[K  candidate expects 4 arguments, 1 provided
[3.808s] [01m[K/opt/ros/humble/include/rclcpp/rclcpp/node.hpp:391:3:[m[K [01;36m[Knote: [m[Kcandidate: â€˜[01m[Kconst rclcpp::ParameterValue& rclcpp::Node::declare_parameter(const string&, rclcpp::ParameterType, const ParameterDescriptor&, bool)[m[Kâ€™
[3.808s]   391 |   [01;36m[Kdeclare_parameter[m[K(
[3.808s]       |   [01;36m[K^~~~~~~~~~~~~~~~~[m[K
[3.808s] [01m[K/opt/ros/humble/include/rclcpp/rclcpp/node.hpp:391:3:[m[K [01;36m[Knote: [m[K  candidate expects 4 arguments, 1 provided
[3.808s] [01m[K/home/eddy/ros2_ws/src/scout_ros2/scout_base/src/scout_base_ros.cpp:28:26:[m[K [01;31m[Kerror: [m[Kno matching function for call to â€˜[01m[Kwestonrobot::ScoutBaseRos::declare_parameter(const char [13])[m[Kâ€™
[3.808s]    28 |   [01;31m[Kthis->declare_parameter("control_rate")[m[K;
[3.808s]       |   [01;31m[K~~~~~~~~~~~~~~~~~~~~~~~^~~~~~~~~~~~~~~~[m[K
[3.808s] In file included from [01m[K/opt/ros/humble/include/rclcpp/rclcpp/executors/single_threaded_executor.hpp:28[m[K,
[3.808s]                  from [01m[K/opt/ros/humble/include/rclcpp/rclcpp/executors.hpp:22[m[K,
[3.808s]                  from [01m[K/opt/ros/humble/include/rclcpp/rclcpp/rclcpp.hpp:155[m[K,
[3.808s]                  from [01m[K/home/eddy/ros2_ws/src/scout_ros2/scout_base/include/scout_base/scout_base_ros.hpp:16[m[K,
[3.808s]                  from [01m[K/home/eddy/ros2_ws/src/scout_ros2/scout_base/src/scout_base_ros.cpp:10[m[K:
[3.808s] [01m[K/opt/ros/humble/include/rclcpp/rclcpp/node.hpp:421:3:[m[K [01;36m[Knote: [m[Kcandidate: â€˜[01m[Ktemplate<class ParameterT> auto rclcpp::Node::declare_parameter(const string&, const ParameterT&, const ParameterDescriptor&, bool)[m[Kâ€™
[3.808s]   421 |   [01;36m[Kdeclare_parameter[m[K(
[3.808s]       |   [01;36m[K^~~~~~~~~~~~~~~~~[m[K
[3.808s] [01m[K/opt/ros/humble/include/rclcpp/rclcpp/node.hpp:421:3:[m[K [01;36m[Knote: [m[K  template argument deduction/substitution failed:
[3.808s] [01m[K/home/eddy/ros2_ws/src/scout_ros2/scout_base/src/scout_base_ros.cpp:28:26:[m[K [01;36m[Knote: [m[K  candidate expects 4 arguments, 1 provided
[3.808s]    28 |   [01;36m[Kthis->declare_parameter("control_rate")[m[K;
[3.808s]       |   [01;36m[K~~~~~~~~~~~~~~~~~~~~~~~^~~~~~~~~~~~~~~~[m[K
[3.808s] In file included from [01m[K/opt/ros/humble/include/rclcpp/rclcpp/executors/single_threaded_executor.hpp:28[m[K,
[3.808s]                  from [01m[K/opt/ros/humble/include/rclcpp/rclcpp/executors.hpp:22[m[K,
[3.808s]                  from [01m[K/opt/ros/humble/include/rclcpp/rclcpp/rclcpp.hpp:155[m[K,
[3.809s]                  from [01m[K/home/eddy/ros2_ws/src/scout_ros2/scout_base/include/scout_base/scout_base_ros.hpp:16[m[K,
[3.809s]                  from [01m[K/home/eddy/ros2_ws/src/scout_ros2/scout_base/src/scout_base_ros.cpp:10[m[K:
[3.809s] [01m[K/opt/ros/humble/include/rclcpp/rclcpp/node.hpp:434:3:[m[K [01;36m[Knote: [m[Kcandidate: â€˜[01m[Ktemplate<class ParameterT> auto rclcpp::Node::declare_parameter(const string&, const ParameterDescriptor&, bool)[m[Kâ€™
[3.809s]   434 |   [01;36m[Kdeclare_parameter[m[K(
[3.809s]       |   [01;36m[K^~~~~~~~~~~~~~~~~[m[K
[3.809s] [01m[K/opt/ros/humble/include/rclcpp/rclcpp/node.hpp:434:3:[m[K [01;36m[Knote: [m[K  template argument deduction/substitution failed:
[3.809s] [01m[K/home/eddy/ros2_ws/src/scout_ros2/scout_base/src/scout_base_ros.cpp:28:26:[m[K [01;36m[Knote: [m[K  couldnâ€™t deduce template parameter â€˜[01m[KParameterT[m[Kâ€™
[3.809s]    28 |   [01;36m[Kthis->declare_parameter("control_rate")[m[K;
[3.809s]       |   [01;36m[K~~~~~~~~~~~~~~~~~~~~~~~^~~~~~~~~~~~~~~~[m[K
[3.809s] In file included from [01m[K/opt/ros/humble/include/rclcpp/rclcpp/executors/single_threaded_executor.hpp:28[m[K,
[3.809s]                  from [01m[K/opt/ros/humble/include/rclcpp/rclcpp/executors.hpp:22[m[K,
[3.809s]                  from [01m[K/opt/ros/humble/include/rclcpp/rclcpp/rclcpp.hpp:155[m[K,
[3.809s]                  from [01m[K/home/eddy/ros2_ws/src/scout_ros2/scout_base/include/scout_base/scout_base_ros.hpp:16[m[K,
[3.809s]                  from [01m[K/home/eddy/ros2_ws/src/scout_ros2/scout_base/src/scout_base_ros.cpp:10[m[K:
[3.809s] [01m[K/opt/ros/humble/include/rclcpp/rclcpp/node.hpp:366:3:[m[K [01;36m[Knote: [m[Kcandidate: â€˜[01m[Kconst rclcpp::ParameterValue& rclcpp::Node::declare_parameter(const string&, const rclcpp::ParameterValue&, const ParameterDescriptor&, bool)[m[Kâ€™
[3.809s]   366 |   [01;36m[Kdeclare_parameter[m[K(
[3.809s]       |   [01;36m[K^~~~~~~~~~~~~~~~~[m[K
[3.809s] [01m[K/opt/ros/humble/include/rclcpp/rclcpp/node.hpp:366:3:[m[K [01;36m[Knote: [m[K  candidate expects 4 arguments, 1 provided
[3.809s] [01m[K/opt/ros/humble/include/rclcpp/rclcpp/node.hpp:391:3:[m[K [01;36m[Knote: [m[Kcandidate: â€˜[01m[Kconst rclcpp::ParameterValue& rclcpp::Node::declare_parameter(const string&, rclcpp::ParameterType, const ParameterDescriptor&, bool)[m[Kâ€™
[3.809s]   391 |   [01;36m[Kdeclare_parameter[m[K(
[3.809s]       |   [01;36m[K^~~~~~~~~~~~~~~~~[m[K
[3.809s] [01m[K/opt/ros/humble/include/rclcpp/rclcpp/node.hpp:391:3:[m[K [01;36m[Knote: [m[K  candidate expects 4 arguments, 1 provided
[7.449s] gmake[2]: *** [CMakeFiles/scout_base_node.dir/build.make:76: CMakeFiles/scout_base_node.dir/src/scout_base_ros.cpp.o] Error 1
[7.449s] gmake[1]: *** [CMakeFiles/Makefile2:137: CMakeFiles/scout_base_node.dir/all] Error 2
[7.450s] gmake: *** [Makefile:146: all] Error 2
[7.453s] Invoked command in '/home/eddy/ros2_ws/build/scout_base' returned '2': CMAKE_PREFIX_PATH=/opt/ros/humble:${CMAKE_PREFIX_PATH} /usr/bin/cmake --build /home/eddy/ros2_ws/build/scout_base -- -j2 -l2
